# JRE version: OpenJDK Runtime Environment (8.0_242) (build 1.8.0_242-release-1644-b3-6222593)
# Java VM: OpenJDK 64-Bit Server VM (25.242-b3-6222593 mixed mode bsd-amd64 compressed oops)
Heap:
 PSYoungGen      total 108032K, used 74656K [0x00000007a0000000, 0x00000007a9680000, 0x00000007c0000000)
  eden space 99328K, 66% used [0x00000007a0000000,0x00000007a40e4af0,0x00000007a6100000)
  from space 8704K, 94% used [0x00000007a8e00000,0x00000007a96036d8,0x00000007a9680000)
  to   space 12288K, 0% used [0x00000007a7e80000,0x00000007a7e80000,0x00000007a8a80000)
 ParOldGen       total 67072K, used 10966K [0x0000000760000000, 0x0000000764180000, 0x00000007a0000000)
  object space 67072K, 16% used [0x0000000760000000,0x0000000760ab5a00,0x0000000764180000)
 Metaspace       used 34300K, capacity 35184K, committed 35376K, reserved 1079296K
  class space    used 4547K, capacity 4805K, committed 4912K, reserved 1048576K
GC Heap History (10 events):
Event: 1.476 GC heap before
{Heap before GC invocations=3 (full 0):
 PSYoungGen      total 38400K, used 37341K [0x00000007a0000000, 0x00000007a4b00000, 0x00000007c0000000)
  eden space 33280K, 100% used [0x00000007a0000000,0x00000007a2080000,0x00000007a2080000)
  from space 5120K, 79% used [0x00000007a2580000,0x00000007a2977760,0x00000007a2a80000)
  to   space 5120K, 0% used [0x00000007a2080000,0x00000007a2080000,0x00000007a2580000)
 ParOldGen       total 87552K, used 24K [0x0000000760000000, 0x0000000765580000, 0x00000007a0000000)
  object space 87552K, 0% used [0x0000000760000000,0x0000000760006000,0x0000000765580000)
 Metaspace       used 12632K, capacity 13064K, committed 13184K, reserved 1060864K
  class space    used 1728K, capacity 1856K, committed 1920K, reserved 1048576K
Event: 1.486 GC heap after
Heap after GC invocations=3 (full 0):
 PSYoungGen      total 38400K, used 5117K [0x00000007a0000000, 0x00000007a4b00000, 0x00000007c0000000)
  eden space 33280K, 0% used [0x00000007a0000000,0x00000007a0000000,0x00000007a2080000)
  from space 5120K, 99% used [0x00000007a2080000,0x00000007a257f430,0x00000007a2580000)
  to   space 5120K, 0% used [0x00000007a4600000,0x00000007a4600000,0x00000007a4b00000)
 ParOldGen       total 87552K, used 1803K [0x0000000760000000, 0x0000000765580000, 0x00000007a0000000)
  object space 87552K, 2% used [0x0000000760000000,0x00000007601c2eb8,0x0000000765580000)
 Metaspace       used 12632K, capacity 13064K, committed 13184K, reserved 1060864K
  class space    used 1728K, capacity 1856K, committed 1920K, reserved 1048576K
}
Event: 1.985 GC heap before
{Heap before GC invocations=4 (full 0):
 PSYoungGen      total 38400K, used 38397K [0x00000007a0000000, 0x00000007a4b00000, 0x00000007c0000000)
  eden space 33280K, 100% used [0x00000007a0000000,0x00000007a2080000,0x00000007a2080000)
  from space 5120K, 99% used [0x00000007a2080000,0x00000007a257f430,0x00000007a2580000)
  to   space 5120K, 0% used [0x00000007a4600000,0x00000007a4600000,0x00000007a4b00000)
 ParOldGen       total 87552K, used 1803K [0x0000000760000000, 0x0000000765580000, 0x00000007a0000000)
  object space 87552K, 2% used [0x0000000760000000,0x00000007601c2eb8,0x0000000765580000)
 Metaspace       used 15625K, capacity 16150K, committed 16384K, reserved 1062912K
  class space    used 2120K, capacity 2287K, committed 2304K, reserved 1048576K
Event: 1.998 GC heap after
Heap after GC invocations=4 (full 0):
 PSYoungGen      total 71680K, used 5088K [0x00000007a0000000, 0x00000007a4b00000, 0x00000007c0000000)
  eden space 66560K, 0% used [0x00000007a0000000,0x00000007a0000000,0x00000007a4100000)
  from space 5120K, 99% used [0x00000007a4600000,0x00000007a4af8020,0x00000007a4b00000)
  to   space 5120K, 0% used [0x00000007a4100000,0x00000007a4100000,0x00000007a4600000)
 ParOldGen       total 87552K, used 4420K [0x0000000760000000, 0x0000000765580000, 0x00000007a0000000)
  object space 87552K, 5% used [0x0000000760000000,0x0000000760451350,0x0000000765580000)
 Metaspace       used 15625K, capacity 16150K, committed 16384K, reserved 1062912K
  class space    used 2120K, capacity 2287K, committed 2304K, reserved 1048576K
}
Event: 4.137 GC heap before
{Heap before GC invocations=5 (full 0):
 PSYoungGen      total 71680K, used 62316K [0x00000007a0000000, 0x00000007a4b00000, 0x00000007c0000000)
  eden space 66560K, 85% used [0x00000007a0000000,0x00000007a37e32b0,0x00000007a4100000)
  from space 5120K, 99% used [0x00000007a4600000,0x00000007a4af8020,0x00000007a4b00000)
  to   space 5120K, 0% used [0x00000007a4100000,0x00000007a4100000,0x00000007a4600000)
 ParOldGen       total 87552K, used 4420K [0x0000000760000000, 0x0000000765580000, 0x00000007a0000000)
  object space 87552K, 5% used [0x0000000760000000,0x0000000760451350,0x0000000765580000)
 Metaspace       used 20482K, capacity 21228K, committed 21296K, reserved 1067008K
  class space    used 2875K, capacity 3096K, committed 3120K, reserved 1048576K
Event: 4.168 GC heap after
Heap after GC invocations=5 (full 0):
 PSYoungGen      total 71680K, used 5088K [0x00000007a0000000, 0x00000007a9a00000, 0x00000007c0000000)
  eden space 66560K, 0% used [0x00000007a0000000,0x00000007a0000000,0x00000007a4100000)
  from space 5120K, 99% used [0x00000007a4100000,0x00000007a45f8040,0x00000007a4600000)
  to   space 12288K, 0% used [0x00000007a8e00000,0x00000007a8e00000,0x00000007a9a00000)
 ParOldGen       total 87552K, used 10601K [0x0000000760000000, 0x0000000765580000, 0x00000007a0000000)
  object space 87552K, 12% used [0x0000000760000000,0x0000000760a5a6b8,0x0000000765580000)
 Metaspace       used 20482K, capacity 21228K, committed 21296K, reserved 1067008K
  class space    used 2875K, capacity 3096K, committed 3120K, reserved 1048576K
}
Event: 4.168 GC heap before
{Heap before GC invocations=6 (full 1):
 PSYoungGen      total 71680K, used 5088K [0x00000007a0000000, 0x00000007a9a00000, 0x00000007c0000000)
  eden space 66560K, 0% used [0x00000007a0000000,0x00000007a0000000,0x00000007a4100000)
  from space 5120K, 99% used [0x00000007a4100000,0x00000007a45f8040,0x00000007a4600000)
  to   space 12288K, 0% used [0x00000007a8e00000,0x00000007a8e00000,0x00000007a9a00000)
 ParOldGen       total 87552K, used 10601K [0x0000000760000000, 0x0000000765580000, 0x00000007a0000000)
  object space 87552K, 12% used [0x0000000760000000,0x0000000760a5a6b8,0x0000000765580000)
 Metaspace       used 20482K, capacity 21228K, committed 21296K, reserved 1067008K
  class space    used 2875K, capacity 3096K, committed 3120K, reserved 1048576K
Event: 4.236 GC heap after
Heap after GC invocations=6 (full 1):
 PSYoungGen      total 71680K, used 0K [0x00000007a0000000, 0x00000007a9a00000, 0x00000007c0000000)
  eden space 66560K, 0% used [0x00000007a0000000,0x00000007a0000000,0x00000007a4100000)
  from space 5120K, 0% used [0x00000007a4100000,0x00000007a4100000,0x00000007a4600000)
  to   space 12288K, 0% used [0x00000007a8e00000,0x00000007a8e00000,0x00000007a9a00000)
 ParOldGen       total 67072K, used 10958K [0x0000000760000000, 0x0000000764180000, 0x00000007a0000000)
  object space 67072K, 16% used [0x0000000760000000,0x0000000760ab3a00,0x0000000764180000)
 Metaspace       used 20482K, capacity 21228K, committed 21296K, reserved 1067008K
  class space    used 2875K, capacity 3096K, committed 3120K, reserved 1048576K
}
Event: 6.416 GC heap before
{Heap before GC invocations=7 (full 1):
 PSYoungGen      total 71680K, used 66560K [0x00000007a0000000, 0x00000007a9a00000, 0x00000007c0000000)
  eden space 66560K, 100% used [0x00000007a0000000,0x00000007a4100000,0x00000007a4100000)
  from space 5120K, 0% used [0x00000007a4100000,0x00000007a4100000,0x00000007a4600000)
  to   space 12288K, 0% used [0x00000007a8e00000,0x00000007a8e00000,0x00000007a9a00000)
 ParOldGen       total 67072K, used 10958K [0x0000000760000000, 0x0000000764180000, 0x00000007a0000000)
  object space 67072K, 16% used [0x0000000760000000,0x0000000760ab3a00,0x0000000764180000)
 Metaspace       used 28632K, capacity 29396K, committed 29488K, reserved 1075200K
  class space    used 3876K, capacity 4108K, committed 4144K, reserved 1048576K
Event: 6.442 GC heap after
Heap after GC invocations=7 (full 1):
 PSYoungGen      total 108032K, used 8205K [0x00000007a0000000, 0x00000007a9680000, 0x00000007c0000000)
  eden space 99328K, 0% used [0x00000007a0000000,0x00000007a0000000,0x00000007a6100000)
  from space 8704K, 94% used [0x00000007a8e00000,0x00000007a96036d8,0x00000007a9680000)
  to   space 12288K, 0% used [0x00000007a7e80000,0x00000007a7e80000,0x00000007a8a80000)
 ParOldGen       total 67072K, used 10966K [0x0000000760000000, 0x0000000764180000, 0x00000007a0000000)
  object space 67072K, 16% used [0x0000000760000000,0x0000000760ab5a00,0x0000000764180000)
 Metaspace       used 28632K, capacity 29396K, committed 29488K, reserved 1075200K
  class space    used 3876K, capacity 4108K, committed 4144K, reserved 1048576K
}

